<?xml version="1.0" encoding="UTF-8"?>
<testng-results skipped="0" failed="0" total="1" passed="1">
  <reporter-output>
  </reporter-output>
  <suite name="Default suite" duration-ms="2820" started-at="2017-07-21T13:07:06Z" finished-at="2017-07-21T13:07:08Z">
    <groups>
    </groups>
    <test name="Default test" duration-ms="2820" started-at="2017-07-21T13:07:06Z" finished-at="2017-07-21T13:07:08Z">
      <class name="com.fanniemae.testcases.SDET_Login_TesCase">
        <test-method status="PASS" signature="setUp()[pri:0, instance:com.fanniemae.testcases.SDET_Login_TesCase@29ca901e]" name="setUp" is-config="true" duration-ms="16283" started-at="2017-07-21T09:06:49Z" finished-at="2017-07-21T09:07:06Z">
          <reporter-output>
          </reporter-output>
        </test-method> <!-- setUp -->
        <test-method status="PASS" signature="tc_loginTestCase()[pri:0, instance:com.fanniemae.testcases.SDET_Login_TesCase@29ca901e]" name="tc_loginTestCase" duration-ms="2807" started-at="2017-07-21T09:07:06Z" finished-at="2017-07-21T09:07:08Z">
          <reporter-output>
          </reporter-output>
        </test-method> <!-- tc_loginTestCase -->
      </class> <!-- com.fanniemae.testcases.SDET_Login_TesCase -->
    </test> <!-- Default test -->
  </suite> <!-- Default suite -->
</testng-results>
